<?xml version="1.0" encoding="UTF-8"?>
<testsuite xmlns:xsi="http://www.w3.org/2001/XMLSchema-instance" xsi:noNamespaceSchemaLocation="https://maven.apache.org/surefire/maven-failsafe-plugin/xsd/failsafe-test-report-3.0.xsd" version="3.0" name="com.baymax.sky.features.authentication.Luyentap" time="30.606" tests="1" errors="0" skipped="0" failures="1">
  <properties>
[...]
</properties>
  <testcase name="login_as_invalid_user_when_should_see_warning_message_luyentap" classname="com.baymax.sky.features.authentication.Luyentap" time="23.102">
    <failure message="&#10;Expecting Sai tài khoản hoặc mật khẩu! with text value that is equal to: &lt;&quot;Sai tài khoản hoặc mật khẩu!&quot;&gt;&#10;But got................................................................: &lt;&quot;Bạn đã đăng nhập sai thông tin 2 lần, nếu quá 5 lần tài khoản sẽ bị khoá&quot;&gt;" type="java.lang.AssertionError"><![CDATA[java.lang.AssertionError: 

Expecting Sai tài khoản hoặc mật khẩu! with text value that is equal to: <"Sai tài khoản hoặc mật khẩu!">
But got................................................................: <"Bạn đã đăng nhập sai thông tin 2 lần, nếu quá 5 lần tài khoản sẽ bị khoá">
	at testbot.beginner@1.0-SNAPSHOT/com.baymax.sky.features.authentication.Luyentap.login_as_invalid_user_when_should_see_warning_message_luyentap(Luyentap.java:44)
]]></failure>
    <system-err><![CDATA[[main] INFO  - 

-------------------------------------------------------------------------------------
     _______. _______ .______       _______ .__   __.  __  .___________.____    ____ 
    /       ||   ____||   _  \     |   ____||  \ |  | |  | |           |\   \  /   / 
   |   (----`|  |__   |  |_)  |    |  |__   |   \|  | |  | `---|  |----` \   \/   /  
    \   \    |   __|  |      /     |   __|  |  . `  | |  |     |  |       \_    _/   
.----)   |   |  |____ |  |\  \----.|  |____ |  |\   | |  |     |  |         |  |     
|_______/    |_______|| _| `._____||_______||__| \__| |__|     |__|         |__|    
                                                                                     
 News and tutorials at http://www.serenity-bdd.info                                  
 Documentation at https://wakaleo.gitbooks.io/the-serenity-book/content/             
 Join the Serenity Community on Gitter: https://gitter.im/serenity-bdd/serenity-core 
 Serenity BDD Support and Training at http://serenity-bdd.info/#/trainingandsupport  
-------------------------------------------------------------------------------------

[main] INFO  - Test Suite Started: Luyentap
[main] INFO  - 
  _____   ___   ___   _____     ___   _____     _     ___   _____   ___   ___  
 |_   _| | __| / __| |_   _|   / __| |_   _|   /_\   | _ \ |_   _| | __| |   \ 
   | |   | _|  \__ \   | |     \__ \   | |    / _ \  |   /   | |   | _|  | |) |
   |_|   |___| |___/   |_|     |___/   |_|   /_/ \_\ |_|_\   |_|   |___| |___/ 

login_as_invalid_user_when_should_see_warning_message_luyentap
--------------------------------------------------------------------------------
[main] INFO net.serenitybdd.core.webdriver.driverproviders.DriverProvider - Using WebDriverManager configuration for edge
[main] INFO io.github.bonigarcia.wdm.WebDriverManager - Using msedgedriver 125.0.2535.67 (resolved driver for Edge 125)
[main] INFO io.github.bonigarcia.wdm.WebDriverManager - Exporting webdriver.edge.driver as C:\Users\PC DUNG\.cache\selenium\msedgedriver\win64\125.0.2535.67\msedgedriver.exe
May 26, 2024 9:48:06 PM org.openqa.selenium.remote.service.DriverService$Builder getLogOutput
INFO: Driver logs no longer sent to console by default; https://www.selenium.dev/documentation/webdriver/drivers/service/#setting-log-output
May 26, 2024 9:48:08 PM org.openqa.selenium.devtools.CdpVersionFinder findNearestMatch
WARNING: Unable to find CDP implementation matching 125
May 26, 2024 9:48:08 PM org.openqa.selenium.chromium.ChromiumDriver lambda$new$4
WARNING: Unable to find version of CDP to use for . You may need to include a dependency on a specific version of the CDP using something similar to `org.seleniumhq.selenium:selenium-devtools-v86:4.10.0` where the version ("v86") matches the version of the chromium-based browser you're using and the version number of the artifact is the same as Selenium's.
]]></system-err>
  </testcase>
</testsuite>