<?xml version="1.0" encoding="UTF-8" standalone="no"?><testsuite errors="1" failures="0" name="com.baymax.sky.features.authentication.WhenTongDaiVien" skipped="0" tests="1" time="24.29" timestamp="2024-06-10 05:03:44"><testcase classname="com.baymax.sky.features.authentication.WhenTongDaiVien" name="Login as invalid user when should see warning message bai6"><error message="element click intercepted: Element &lt;span class=&quot;ng-value-label ng-star-inserted&quot;&gt;...&lt;/span&gt; is not clickable at point (392, 252). Other element would receive the click: &lt;input role=&quot;combobox&quot; type=&quot;text&quot; autocomplete=&quot;a978aa55cdea&quot; aria-expanded=&quot;false&quot;&gt;&#10;  (Session info: MicrosoftEdge=125.0.2535.92)&#10;Build info: version: '4.10.0', revision: 'c14d967899'&#10;System info: os.name: 'Windows 11', os.arch: 'amd64', os.version: '10.0', java.version: '17.0.11'&#10;Driver info: org.openqa.selenium.edge.EdgeDriver&#10;Command: [7b0965508a1af91249d7d1fe1282afca, clickElement {id=f.417D6B1C918DA47AE7B0EBD56E4CE01F.d.9B7DFFD6220A5E5A3621324DBE36BC59.e.880}]&#10;Capabilities {acceptInsecureCerts: false, browserName: MicrosoftEdge, browserVersion: 125.0.2535.92, fedcm:accounts: true, ms:edgeOptions: {debuggerAddress: localhost:61409}, msedge: {msedgedriverVersion: 125.0.2535.92 (d2d4746171db..., userDataDir: C:\Users\admin\AppData\Loca...}, networkConnectionEnabled: false, pageLoadStrategy: normal, platformName: windows, proxy: Proxy(), se:cdp: ws://localhost:61409/devtoo..., se:cdpVersion: 125.0.2535.92, setWindowRect: true, strictFileInteractability: false, timeouts: {implicit: 0, pageLoad: 300000, script: 30000}, unhandledPromptBehavior: dismiss and notify, webauthn:extension:credBlob: true, webauthn:extension:largeBlob: true, webauthn:extension:minPinLength: true, webauthn:extension:prf: true, webauthn:virtualAuthenticators: true}&#10;Element: [[EdgeDriver: MicrosoftEdge on windows (7b0965508a1af91249d7d1fe1282afca)] -&gt; xpath: //span[contains(@class, 'ng-value-label') and contains(text(), 'Công ty Cổ phần Công nghệ thông tin 3T')]]&#10;Session ID: 7b0965508a1af91249d7d1fe1282afca" type="org.openqa.selenium.ElementClickInterceptedException">element click intercepted: Element &lt;span class="ng-value-label ng-star-inserted"&gt;...&lt;/span&gt; is not clickable at point (392, 252). Other element would receive the click: &lt;input role="combobox" type="text" autocomplete="a978aa55cdea" aria-expanded="false"&gt;
  (Session info: MicrosoftEdge=125.0.2535.92)
Build info: version: '4.10.0', revision: 'c14d967899'
System info: os.name: 'Windows 11', os.arch: 'amd64', os.version: '10.0', java.version: '17.0.11'
Driver info: org.openqa.selenium.edge.EdgeDriver
Command: [7b0965508a1af91249d7d1fe1282afca, clickElement {id=f.417D6B1C918DA47AE7B0EBD56E4CE01F.d.9B7DFFD6220A5E5A3621324DBE36BC59.e.880}]
Capabilities {acceptInsecureCerts: false, browserName: MicrosoftEdge, browserVersion: 125.0.2535.92, fedcm:accounts: true, ms:edgeOptions: {debuggerAddress: localhost:61409}, msedge: {msedgedriverVersion: 125.0.2535.92 (d2d4746171db..., userDataDir: C:\Users\admin\AppData\Loca...}, networkConnectionEnabled: false, pageLoadStrategy: normal, platformName: windows, proxy: Proxy(), se:cdp: ws://localhost:61409/devtoo..., se:cdpVersion: 125.0.2535.92, setWindowRect: true, strictFileInteractability: false, timeouts: {implicit: 0, pageLoad: 300000, script: 30000}, unhandledPromptBehavior: dismiss and notify, webauthn:extension:credBlob: true, webauthn:extension:largeBlob: true, webauthn:extension:minPinLength: true, webauthn:extension:prf: true, webauthn:virtualAuthenticators: true}
Element: [[EdgeDriver: MicrosoftEdge on windows (7b0965508a1af91249d7d1fe1282afca)] -&gt; xpath: //span[contains(@class, 'ng-value-label') and contains(text(), 'Công ty Cổ phần Công nghệ thông tin 3T')]]
Session ID: 7b0965508a1af91249d7d1fe1282afca</error><system-err>element click intercepted: Element &lt;span class="ng-value-label ng-star-inserted"&gt;...&lt;/span&gt; is not clickable at point (392, 252). Other element would receive the click: &lt;input role="combobox" type="text" autocomplete="a978aa55cdea" aria-expanded="false"&gt;
  (Session info: MicrosoftEdge=125.0.2535.92)
Build info: version: '4.10.0', revision: 'c14d967899'
System info: os.name: 'Windows 11', os.arch: 'amd64', os.version: '10.0', java.version: '17.0.11'
Driver info: org.openqa.selenium.edge.EdgeDriver
Command: [7b0965508a1af91249d7d1fe1282afca, clickElement {id=f.417D6B1C918DA47AE7B0EBD56E4CE01F.d.9B7DFFD6220A5E5A3621324DBE36BC59.e.880}]
Capabilities {acceptInsecureCerts: false, browserName: MicrosoftEdge, browserVersion: 125.0.2535.92, fedcm:accounts: true, ms:edgeOptions: {debuggerAddress: localhost:61409}, msedge: {msedgedriverVersion: 125.0.2535.92 (d2d4746171db..., userDataDir: C:\Users\admin\AppData\Loca...}, networkConnectionEnabled: false, pageLoadStrategy: normal, platformName: windows, proxy: Proxy(), se:cdp: ws://localhost:61409/devtoo..., se:cdpVersion: 125.0.2535.92, setWindowRect: true, strictFileInteractability: false, timeouts: {implicit: 0, pageLoad: 300000, script: 30000}, unhandledPromptBehavior: dismiss and notify, webauthn:extension:credBlob: true, webauthn:extension:largeBlob: true, webauthn:extension:minPinLength: true, webauthn:extension:prf: true, webauthn:virtualAuthenticators: true}
Element: [[EdgeDriver: MicrosoftEdge on windows (7b0965508a1af91249d7d1fe1282afca)] -&gt; xpath: //span[contains(@class, 'ng-value-label') and contains(text(), 'Công ty Cổ phần Công nghệ thông tin 3T')]]
Session ID: 7b0965508a1af91249d7d1fe1282afca&#13;
testbot.beginner@1.0-SNAPSHOT/com.baymax.sky.features.authentication.WhenTongDaiVien.login_as_invalid_user_when_should_see_warning_message_bai6(WhenTongDaiVien.java:50)&#13;
</system-err></testcase></testsuite>